{"D:\\vscode\\MapGrade\\src\\components\\common\\ErrorBoundary.tsx": {"path":"D:\\vscode\\MapGrade\\src\\components\\common\\ErrorBoundary.tsx","statementMap":{"0":{"start":{"line":13,"column":24},"end":{"line":16,"column":null}},"1":{"start":{"line":19,"column":4},"end":{"line":19,"column":null}},"2":{"start":{"line":23,"column":4},"end":{"line":23,"column":null}},"3":{"start":{"line":27,"column":4},"end":{"line":48,"column":null}},"4":{"start":{"line":28,"column":6},"end":{"line":46,"column":null}},"5":{"start":{"line":41,"column":27},"end":{"line":41,"column":null}},"6":{"start":{"line":50,"column":4},"end":{"line":50,"column":null}}},"fnMap":{"0":{"name":"getDerivedStateFromError","decl":{"start":{"line":18,"column":16},"end":{"line":18,"column":41}},"loc":{"start":{"line":18,"column":62},"end":{"line":20,"column":null}},"line":18},"1":{"name":"componentDidCatch","decl":{"start":{"line":22,"column":9},"end":{"line":22,"column":27}},"loc":{"start":{"line":22,"column":69},"end":{"line":24,"column":null}},"line":22},"2":{"name":"render","decl":{"start":{"line":26,"column":9},"end":{"line":26,"column":18}},"loc":{"start":{"line":26,"column":18},"end":{"line":51,"column":null}},"line":26},"3":{"name":"(anonymous_3)","decl":{"start":{"line":41,"column":21},"end":{"line":41,"column":27}},"loc":{"start":{"line":41,"column":27},"end":{"line":41,"column":null}},"line":41}},"branchMap":{"0":{"loc":{"start":{"line":27,"column":4},"end":{"line":48,"column":null}},"type":"if","locations":[{"start":{"line":27,"column":4},"end":{"line":48,"column":null}},{"start":{},"end":{}}],"line":27}},"s":{"0":3,"1":2,"2":1,"3":5,"4":2,"5":0,"6":3},"f":{"0":1,"1":1,"2":5,"3":0},"b":{"0":[2,3]},"meta":{"lastBranch":1,"lastFunction":4,"lastStatement":7,"seen":{"s:13:24:16:Infinity":0,"f:18:16:18:41":0,"s:19:4:19:Infinity":1,"f:22:9:22:27":1,"s:23:4:23:Infinity":2,"f:26:9:26:18":2,"b:27:4:48:Infinity:undefined:undefined:undefined:undefined":0,"s:27:4:48:Infinity":3,"s:28:6:46:Infinity":4,"f:41:21:41:27":3,"s:41:27:41:Infinity":5,"s:50:4:50:Infinity":6},"fnNames":{}}}
,"D:\\vscode\\MapGrade\\src\\utils\\dateUtils.ts": {"path":"D:\\vscode\\MapGrade\\src\\utils\\dateUtils.ts","statementMap":{"0":{"start":{"line":1,"column":40},"end":{"line":29,"column":null}},"1":{"start":{"line":2,"column":15},"end":{"line":2,"column":null}},"2":{"start":{"line":3,"column":2},"end":{"line":3,"column":null}},"3":{"start":{"line":3,"column":29},"end":{"line":3,"column":null}},"4":{"start":{"line":5,"column":24},"end":{"line":5,"column":null}},"5":{"start":{"line":6,"column":22},"end":{"line":6,"column":null}},"6":{"start":{"line":8,"column":17},"end":{"line":8,"column":null}},"7":{"start":{"line":9,"column":2},"end":{"line":19,"column":null}},"8":{"start":{"line":10,"column":4},"end":{"line":10,"column":null}},"9":{"start":{"line":11,"column":2},"end":{"line":19,"column":null}},"10":{"start":{"line":12,"column":4},"end":{"line":12,"column":null}},"11":{"start":{"line":13,"column":2},"end":{"line":19,"column":null}},"12":{"start":{"line":14,"column":4},"end":{"line":14,"column":null}},"13":{"start":{"line":16,"column":17},"end":{"line":16,"column":null}},"14":{"start":{"line":17,"column":17},"end":{"line":17,"column":null}},"15":{"start":{"line":18,"column":4},"end":{"line":18,"column":null}},"16":{"start":{"line":21,"column":14},"end":{"line":21,"column":null}},"17":{"start":{"line":22,"column":17},"end":{"line":22,"column":null}},"18":{"start":{"line":23,"column":16},"end":{"line":23,"column":null}},"19":{"start":{"line":24,"column":15},"end":{"line":24,"column":null}},"20":{"start":{"line":25,"column":16},"end":{"line":25,"column":null}},"21":{"start":{"line":26,"column":18},"end":{"line":26,"column":null}},"22":{"start":{"line":28,"column":2},"end":{"line":28,"column":null}}},"fnMap":{"0":{"name":"(anonymous_0)","decl":{"start":{"line":1,"column":40},"end":{"line":1,"column":41}},"loc":{"start":{"line":1,"column":88},"end":{"line":29,"column":null}},"line":1}},"branchMap":{"0":{"loc":{"start":{"line":2,"column":15},"end":{"line":2,"column":null}},"type":"cond-expr","locations":[{"start":{"line":2,"column":27},"end":{"line":2,"column":49}},{"start":{"line":2,"column":49},"end":{"line":2,"column":null}}],"line":2},"1":{"loc":{"start":{"line":3,"column":2},"end":{"line":3,"column":null}},"type":"if","locations":[{"start":{"line":3,"column":2},"end":{"line":3,"column":null}},{"start":{},"end":{}}],"line":3},"2":{"loc":{"start":{"line":9,"column":2},"end":{"line":19,"column":null}},"type":"if","locations":[{"start":{"line":9,"column":2},"end":{"line":19,"column":null}},{"start":{"line":11,"column":2},"end":{"line":19,"column":null}}],"line":9},"3":{"loc":{"start":{"line":11,"column":2},"end":{"line":19,"column":null}},"type":"if","locations":[{"start":{"line":11,"column":2},"end":{"line":19,"column":null}},{"start":{"line":13,"column":2},"end":{"line":19,"column":null}}],"line":11},"4":{"loc":{"start":{"line":13,"column":2},"end":{"line":19,"column":null}},"type":"if","locations":[{"start":{"line":13,"column":2},"end":{"line":19,"column":null}},{"start":{"line":15,"column":9},"end":{"line":19,"column":null}}],"line":13},"5":{"loc":{"start":{"line":16,"column":17},"end":{"line":16,"column":null}},"type":"cond-expr","locations":[{"start":{"line":16,"column":36},"end":{"line":16,"column":42}},{"start":{"line":16,"column":42},"end":{"line":16,"column":null}}],"line":16}},"s":{"0":1,"1":3,"2":3,"3":1,"4":2,"5":2,"6":2,"7":2,"8":0,"9":2,"10":0,"11":2,"12":2,"13":0,"14":0,"15":0,"16":2,"17":2,"18":2,"19":2,"20":2,"21":2,"22":2},"f":{"0":3},"b":{"0":[2,1],"1":[1,2],"2":[0,2],"3":[0,2],"4":[2,0],"5":[0,0]},"meta":{"lastBranch":6,"lastFunction":1,"lastStatement":23,"seen":{"s:1:40:29:Infinity":0,"f:1:40:1:41":0,"s:2:15:2:Infinity":1,"b:2:27:2:49:2:49:2:Infinity":0,"b:3:2:3:Infinity:undefined:undefined:undefined:undefined":1,"s:3:2:3:Infinity":2,"s:3:29:3:Infinity":3,"s:5:24:5:Infinity":4,"s:6:22:6:Infinity":5,"s:8:17:8:Infinity":6,"b:9:2:19:Infinity:11:2:19:Infinity":2,"s:9:2:19:Infinity":7,"s:10:4:10:Infinity":8,"b:11:2:19:Infinity:13:2:19:Infinity":3,"s:11:2:19:Infinity":9,"s:12:4:12:Infinity":10,"b:13:2:19:Infinity:15:9:19:Infinity":4,"s:13:2:19:Infinity":11,"s:14:4:14:Infinity":12,"s:16:17:16:Infinity":13,"b:16:36:16:42:16:42:16:Infinity":5,"s:17:17:17:Infinity":14,"s:18:4:18:Infinity":15,"s:21:14:21:Infinity":16,"s:22:17:22:Infinity":17,"s:23:16:23:Infinity":18,"s:24:15:24:Infinity":19,"s:25:16:25:Infinity":20,"s:26:18:26:Infinity":21,"s:28:2:28:Infinity":22},"fnNames":{}}}
,"D:\\vscode\\MapGrade\\src\\utils\\deviceId.ts": {"path":"D:\\vscode\\MapGrade\\src\\utils\\deviceId.ts","statementMap":{"0":{"start":{"line":1,"column":27},"end":{"line":14,"column":null}},"1":{"start":{"line":2,"column":2},"end":{"line":2,"column":null}},"2":{"start":{"line":2,"column":61},"end":{"line":2,"column":null}},"3":{"start":{"line":3,"column":2},"end":{"line":13,"column":null}},"4":{"start":{"line":4,"column":13},"end":{"line":4,"column":null}},"5":{"start":{"line":5,"column":4},"end":{"line":9,"column":null}},"6":{"start":{"line":6,"column":24},"end":{"line":6,"column":null}},"7":{"start":{"line":7,"column":6},"end":{"line":7,"column":null}},"8":{"start":{"line":8,"column":6},"end":{"line":8,"column":null}},"9":{"start":{"line":10,"column":4},"end":{"line":10,"column":null}},"10":{"start":{"line":12,"column":4},"end":{"line":12,"column":null}},"11":{"start":{"line":16,"column":24},"end":{"line":16,"column":null}}},"fnMap":{"0":{"name":"(anonymous_0)","decl":{"start":{"line":1,"column":27},"end":{"line":1,"column":41}},"loc":{"start":{"line":1,"column":41},"end":{"line":14,"column":null}},"line":1}},"branchMap":{"0":{"loc":{"start":{"line":2,"column":2},"end":{"line":2,"column":null}},"type":"if","locations":[{"start":{"line":2,"column":2},"end":{"line":2,"column":null}},{"start":{},"end":{}}],"line":2},"1":{"loc":{"start":{"line":2,"column":6},"end":{"line":2,"column":61}},"type":"binary-expr","locations":[{"start":{"line":2,"column":6},"end":{"line":2,"column":39}},{"start":{"line":2,"column":39},"end":{"line":2,"column":61}}],"line":2},"2":{"loc":{"start":{"line":5,"column":4},"end":{"line":9,"column":null}},"type":"if","locations":[{"start":{"line":5,"column":4},"end":{"line":9,"column":null}},{"start":{},"end":{}}],"line":5}},"s":{"0":1,"1":3,"2":1,"3":2,"4":2,"5":2,"6":1,"7":1,"8":1,"9":2,"10":0,"11":1},"f":{"0":3},"b":{"0":[1,2],"1":[3,3],"2":[1,1]},"meta":{"lastBranch":3,"lastFunction":1,"lastStatement":12,"seen":{"s:1:27:14:Infinity":0,"f:1:27:1:41":0,"b:2:2:2:Infinity:undefined:undefined:undefined:undefined":0,"s:2:2:2:Infinity":1,"b:2:6:2:39:2:39:2:61":1,"s:2:61:2:Infinity":2,"s:3:2:13:Infinity":3,"s:4:13:4:Infinity":4,"b:5:4:9:Infinity:undefined:undefined:undefined:undefined":2,"s:5:4:9:Infinity":5,"s:6:24:6:Infinity":6,"s:7:6:7:Infinity":7,"s:8:6:8:Infinity":8,"s:10:4:10:Infinity":9,"s:12:4:12:Infinity":10,"s:16:24:16:Infinity":11},"fnNames":{}}}
,"D:\\vscode\\MapGrade\\src\\utils\\geoUtils.ts": {"path":"D:\\vscode\\MapGrade\\src\\utils\\geoUtils.ts","statementMap":{"0":{"start":{"line":1,"column":41},"end":{"line":13,"column":null}},"1":{"start":{"line":2,"column":12},"end":{"line":2,"column":null}},"2":{"start":{"line":3,"column":15},"end":{"line":3,"column":null}},"3":{"start":{"line":4,"column":15},"end":{"line":4,"column":null}},"4":{"start":{"line":6,"column":4},"end":{"line":8,"column":null}},"5":{"start":{"line":10,"column":12},"end":{"line":10,"column":null}},"6":{"start":{"line":11,"column":12},"end":{"line":11,"column":null}},"7":{"start":{"line":12,"column":2},"end":{"line":12,"column":null}},"8":{"start":{"line":15,"column":16},"end":{"line":17,"column":null}},"9":{"start":{"line":16,"column":2},"end":{"line":16,"column":null}},"10":{"start":{"line":19,"column":37},"end":{"line":21,"column":null}},"11":{"start":{"line":20,"column":2},"end":{"line":20,"column":null}},"12":{"start":{"line":23,"column":35},"end":{"line":45,"column":null}},"13":{"start":{"line":24,"column":29},"end":{"line":24,"column":null}},"14":{"start":{"line":25,"column":13},"end":{"line":25,"column":null}},"15":{"start":{"line":26,"column":20},"end":{"line":26,"column":null}},"16":{"start":{"line":27,"column":20},"end":{"line":27,"column":null}},"17":{"start":{"line":29,"column":2},"end":{"line":34,"column":null}},"18":{"start":{"line":29,"column":15},"end":{"line":29,"column":18}},"19":{"start":{"line":30,"column":19},"end":{"line":30,"column":null}},"20":{"start":{"line":31,"column":14},"end":{"line":31,"column":null}},"21":{"start":{"line":32,"column":14},"end":{"line":32,"column":null}},"22":{"start":{"line":33,"column":4},"end":{"line":33,"column":null}},"23":{"start":{"line":35,"column":2},"end":{"line":35,"column":null}},"24":{"start":{"line":37,"column":2},"end":{"line":44,"column":null}},"25":{"start":{"line":47,"column":41},"end":{"line":56,"column":null}},"26":{"start":{"line":48,"column":8},"end":{"line":48,"column":null}},"27":{"start":{"line":49,"column":2},"end":{"line":49,"column":null}},"28":{"start":{"line":49,"column":29},"end":{"line":49,"column":null}},"29":{"start":{"line":50,"column":2},"end":{"line":50,"column":null}},"30":{"start":{"line":50,"column":30},"end":{"line":50,"column":null}},"31":{"start":{"line":51,"column":2},"end":{"line":51,"column":null}},"32":{"start":{"line":51,"column":38},"end":{"line":51,"column":null}},"33":{"start":{"line":52,"column":2},"end":{"line":52,"column":null}},"34":{"start":{"line":52,"column":33},"end":{"line":52,"column":null}},"35":{"start":{"line":53,"column":2},"end":{"line":53,"column":null}},"36":{"start":{"line":53,"column":31},"end":{"line":53,"column":null}},"37":{"start":{"line":54,"column":2},"end":{"line":54,"column":null}},"38":{"start":{"line":54,"column":34},"end":{"line":54,"column":null}},"39":{"start":{"line":55,"column":2},"end":{"line":55,"column":null}},"40":{"start":{"line":59,"column":44},"end":{"line":84,"column":null}},"41":{"start":{"line":64,"column":13},"end":{"line":64,"column":19}},"42":{"start":{"line":64,"column":24},"end":{"line":64,"column":null}},"43":{"start":{"line":65,"column":13},"end":{"line":65,"column":20}},"44":{"start":{"line":65,"column":25},"end":{"line":65,"column":null}},"45":{"start":{"line":66,"column":13},"end":{"line":66,"column":20}},"46":{"start":{"line":66,"column":25},"end":{"line":66,"column":null}},"47":{"start":{"line":69,"column":13},"end":{"line":69,"column":null}},"48":{"start":{"line":70,"column":13},"end":{"line":70,"column":null}},"49":{"start":{"line":72,"column":2},"end":{"line":74,"column":null}},"50":{"start":{"line":73,"column":4},"end":{"line":73,"column":null}},"51":{"start":{"line":77,"column":6},"end":{"line":77,"column":null}},"52":{"start":{"line":78,"column":2},"end":{"line":78,"column":null}},"53":{"start":{"line":80,"column":19},"end":{"line":80,"column":null}},"54":{"start":{"line":81,"column":19},"end":{"line":81,"column":null}},"55":{"start":{"line":83,"column":2},"end":{"line":83,"column":null}},"56":{"start":{"line":86,"column":44},"end":{"line":108,"column":null}},"57":{"start":{"line":90,"column":17},"end":{"line":90,"column":null}},"58":{"start":{"line":91,"column":2},"end":{"line":91,"column":null}},"59":{"start":{"line":91,"column":38},"end":{"line":91,"column":null}},"60":{"start":{"line":92,"column":2},"end":{"line":94,"column":null}},"61":{"start":{"line":93,"column":4},"end":{"line":93,"column":null}},"62":{"start":{"line":96,"column":20},"end":{"line":96,"column":null}},"63":{"start":{"line":97,"column":2},"end":{"line":106,"column":null}},"64":{"start":{"line":97,"column":15},"end":{"line":97,"column":18}},"65":{"start":{"line":98,"column":15},"end":{"line":98,"column":null}},"66":{"start":{"line":99,"column":15},"end":{"line":99,"column":null}},"67":{"start":{"line":100,"column":17},"end":{"line":104,"column":null}},"68":{"start":{"line":105,"column":4},"end":{"line":105,"column":null}},"69":{"start":{"line":105,"column":28},"end":{"line":105,"column":null}},"70":{"start":{"line":107,"column":2},"end":{"line":107,"column":null}}},"fnMap":{"0":{"name":"(anonymous_0)","decl":{"start":{"line":1,"column":41},"end":{"line":1,"column":42}},"loc":{"start":{"line":1,"column":101},"end":{"line":13,"column":null}},"line":1},"1":{"name":"(anonymous_1)","decl":{"start":{"line":15,"column":16},"end":{"line":15,"column":17}},"loc":{"start":{"line":15,"column":33},"end":{"line":17,"column":null}},"line":15},"2":{"name":"(anonymous_2)","decl":{"start":{"line":19,"column":37},"end":{"line":19,"column":38}},"loc":{"start":{"line":19,"column":67},"end":{"line":21,"column":null}},"line":19},"3":{"name":"(anonymous_3)","decl":{"start":{"line":23,"column":35},"end":{"line":23,"column":36}},"loc":{"start":{"line":23,"column":123},"end":{"line":45,"column":null}},"line":23},"4":{"name":"(anonymous_4)","decl":{"start":{"line":47,"column":41},"end":{"line":47,"column":42}},"loc":{"start":{"line":47,"column":71},"end":{"line":56,"column":null}},"line":47},"5":{"name":"(anonymous_5)","decl":{"start":{"line":59,"column":44},"end":{"line":59,"column":null}},"loc":{"start":{"line":63,"column":13},"end":{"line":84,"column":null}},"line":63},"6":{"name":"(anonymous_6)","decl":{"start":{"line":86,"column":44},"end":{"line":86,"column":null}},"loc":{"start":{"line":89,"column":13},"end":{"line":108,"column":null}},"line":89}},"branchMap":{"0":{"loc":{"start":{"line":20,"column":9},"end":{"line":20,"column":null}},"type":"binary-expr","locations":[{"start":{"line":20,"column":9},"end":{"line":20,"column":25}},{"start":{"line":20,"column":25},"end":{"line":20,"column":39}},{"start":{"line":20,"column":39},"end":{"line":20,"column":54}},{"start":{"line":20,"column":54},"end":{"line":20,"column":null}}],"line":20},"1":{"loc":{"start":{"line":23,"column":82},"end":{"line":23,"column":123}},"type":"default-arg","locations":[{"start":{"line":23,"column":99},"end":{"line":23,"column":123}}],"line":23},"2":{"loc":{"start":{"line":48,"column":15},"end":{"line":48,"column":31}},"type":"binary-expr","locations":[{"start":{"line":48,"column":15},"end":{"line":48,"column":27}},{"start":{"line":48,"column":27},"end":{"line":48,"column":31}}],"line":48},"3":{"loc":{"start":{"line":49,"column":2},"end":{"line":49,"column":null}},"type":"if","locations":[{"start":{"line":49,"column":2},"end":{"line":49,"column":null}},{"start":{},"end":{}}],"line":49},"4":{"loc":{"start":{"line":50,"column":2},"end":{"line":50,"column":null}},"type":"if","locations":[{"start":{"line":50,"column":2},"end":{"line":50,"column":null}},{"start":{},"end":{}}],"line":50},"5":{"loc":{"start":{"line":51,"column":2},"end":{"line":51,"column":null}},"type":"if","locations":[{"start":{"line":51,"column":2},"end":{"line":51,"column":null}},{"start":{},"end":{}}],"line":51},"6":{"loc":{"start":{"line":52,"column":2},"end":{"line":52,"column":null}},"type":"if","locations":[{"start":{"line":52,"column":2},"end":{"line":52,"column":null}},{"start":{},"end":{}}],"line":52},"7":{"loc":{"start":{"line":53,"column":2},"end":{"line":53,"column":null}},"type":"if","locations":[{"start":{"line":53,"column":2},"end":{"line":53,"column":null}},{"start":{},"end":{}}],"line":53},"8":{"loc":{"start":{"line":54,"column":2},"end":{"line":54,"column":null}},"type":"if","locations":[{"start":{"line":54,"column":2},"end":{"line":54,"column":null}},{"start":{},"end":{}}],"line":54},"9":{"loc":{"start":{"line":72,"column":2},"end":{"line":74,"column":null}},"type":"if","locations":[{"start":{"line":72,"column":2},"end":{"line":74,"column":null}},{"start":{},"end":{}}],"line":72},"10":{"loc":{"start":{"line":72,"column":6},"end":{"line":72,"column":28}},"type":"binary-expr","locations":[{"start":{"line":72,"column":6},"end":{"line":72,"column":18}},{"start":{"line":72,"column":18},"end":{"line":72,"column":28}}],"line":72},"11":{"loc":{"start":{"line":91,"column":2},"end":{"line":91,"column":null}},"type":"if","locations":[{"start":{"line":91,"column":2},"end":{"line":91,"column":null}},{"start":{},"end":{}}],"line":91},"12":{"loc":{"start":{"line":91,"column":6},"end":{"line":91,"column":38}},"type":"binary-expr","locations":[{"start":{"line":91,"column":6},"end":{"line":91,"column":17}},{"start":{"line":91,"column":17},"end":{"line":91,"column":38}}],"line":91},"13":{"loc":{"start":{"line":92,"column":2},"end":{"line":94,"column":null}},"type":"if","locations":[{"start":{"line":92,"column":2},"end":{"line":94,"column":null}},{"start":{},"end":{}}],"line":92},"14":{"loc":{"start":{"line":105,"column":4},"end":{"line":105,"column":null}},"type":"if","locations":[{"start":{"line":105,"column":4},"end":{"line":105,"column":null}},{"start":{},"end":{}}],"line":105}},"s":{"0":2,"1":62,"2":62,"3":62,"4":62,"5":62,"6":62,"7":62,"8":2,"9":248,"10":2,"11":3,"12":2,"13":1,"14":1,"15":1,"16":1,"17":1,"18":1,"19":32,"20":32,"21":32,"22":32,"23":1,"24":1,"25":2,"26":5,"27":5,"28":2,"29":3,"30":1,"31":2,"32":0,"33":2,"34":0,"35":2,"36":0,"37":2,"38":0,"39":2,"40":2,"41":3,"42":3,"43":3,"44":3,"45":3,"46":3,"47":3,"48":3,"49":3,"50":1,"51":2,"52":2,"53":2,"54":2,"55":2,"56":2,"57":3,"58":3,"59":1,"60":2,"61":1,"62":1,"63":1,"64":1,"65":1,"66":1,"67":1,"68":1,"69":1,"70":1},"f":{"0":62,"1":248,"2":3,"3":1,"4":5,"5":3,"6":3},"b":{"0":[3,2,1,1],"1":[1],"2":[5,1],"3":[2,3],"4":[1,2],"5":[0,2],"6":[0,2],"7":[0,2],"8":[0,2],"9":[1,2],"10":[3,1],"11":[1,2],"12":[3,3],"13":[1,1],"14":[1,0]},"meta":{"lastBranch":15,"lastFunction":7,"lastStatement":71,"seen":{"s:1:41:13:Infinity":0,"f:1:41:1:42":0,"s:2:12:2:Infinity":1,"s:3:15:3:Infinity":2,"s:4:15:4:Infinity":3,"s:6:4:8:Infinity":4,"s:10:12:10:Infinity":5,"s:11:12:11:Infinity":6,"s:12:2:12:Infinity":7,"s:15:16:17:Infinity":8,"f:15:16:15:17":1,"s:16:2:16:Infinity":9,"s:19:37:21:Infinity":10,"f:19:37:19:38":2,"s:20:2:20:Infinity":11,"b:20:9:20:25:20:25:20:39:20:39:20:54:20:54:20:Infinity":0,"s:23:35:45:Infinity":12,"f:23:35:23:36":3,"b:23:99:23:123":1,"s:24:29:24:Infinity":13,"s:25:13:25:Infinity":14,"s:26:20:26:Infinity":15,"s:27:20:27:Infinity":16,"s:29:2:34:Infinity":17,"s:29:15:29:18":18,"s:30:19:30:Infinity":19,"s:31:14:31:Infinity":20,"s:32:14:32:Infinity":21,"s:33:4:33:Infinity":22,"s:35:2:35:Infinity":23,"s:37:2:44:Infinity":24,"s:47:41:56:Infinity":25,"f:47:41:47:42":4,"s:48:8:48:Infinity":26,"b:48:15:48:27:48:27:48:31":2,"b:49:2:49:Infinity:undefined:undefined:undefined:undefined":3,"s:49:2:49:Infinity":27,"s:49:29:49:Infinity":28,"b:50:2:50:Infinity:undefined:undefined:undefined:undefined":4,"s:50:2:50:Infinity":29,"s:50:30:50:Infinity":30,"b:51:2:51:Infinity:undefined:undefined:undefined:undefined":5,"s:51:2:51:Infinity":31,"s:51:38:51:Infinity":32,"b:52:2:52:Infinity:undefined:undefined:undefined:undefined":6,"s:52:2:52:Infinity":33,"s:52:33:52:Infinity":34,"b:53:2:53:Infinity:undefined:undefined:undefined:undefined":7,"s:53:2:53:Infinity":35,"s:53:31:53:Infinity":36,"b:54:2:54:Infinity:undefined:undefined:undefined:undefined":8,"s:54:2:54:Infinity":37,"s:54:34:54:Infinity":38,"s:55:2:55:Infinity":39,"s:59:44:84:Infinity":40,"f:59:44:59:Infinity":5,"s:64:13:64:19":41,"s:64:24:64:Infinity":42,"s:65:13:65:20":43,"s:65:25:65:Infinity":44,"s:66:13:66:20":45,"s:66:25:66:Infinity":46,"s:69:13:69:Infinity":47,"s:70:13:70:Infinity":48,"b:72:2:74:Infinity:undefined:undefined:undefined:undefined":9,"s:72:2:74:Infinity":49,"b:72:6:72:18:72:18:72:28":10,"s:73:4:73:Infinity":50,"s:77:6:77:Infinity":51,"s:78:2:78:Infinity":52,"s:80:19:80:Infinity":53,"s:81:19:81:Infinity":54,"s:83:2:83:Infinity":55,"s:86:44:108:Infinity":56,"f:86:44:86:Infinity":6,"s:90:17:90:Infinity":57,"b:91:2:91:Infinity:undefined:undefined:undefined:undefined":11,"s:91:2:91:Infinity":58,"b:91:6:91:17:91:17:91:38":12,"s:91:38:91:Infinity":59,"b:92:2:94:Infinity:undefined:undefined:undefined:undefined":13,"s:92:2:94:Infinity":60,"s:93:4:93:Infinity":61,"s:96:20:96:Infinity":62,"s:97:2:106:Infinity":63,"s:97:15:97:18":64,"s:98:15:98:Infinity":65,"s:99:15:99:Infinity":66,"s:100:17:104:Infinity":67,"b:105:4:105:Infinity:undefined:undefined:undefined:undefined":14,"s:105:4:105:Infinity":68,"s:105:28:105:Infinity":69,"s:107:2:107:Infinity":70},"fnNames":{}}}
,"D:\\vscode\\MapGrade\\src\\utils\\spatialAnalytics.ts": {"path":"D:\\vscode\\MapGrade\\src\\utils\\spatialAnalytics.ts","statementMap":{"0":{"start":{"line":24,"column":33},"end":{"line":53,"column":null}},"1":{"start":{"line":25,"column":14},"end":{"line":25,"column":null}},"2":{"start":{"line":26,"column":2},"end":{"line":29,"column":null}},"3":{"start":{"line":27,"column":4},"end":{"line":28,"column":null}},"4":{"start":{"line":27,"column":27},"end":{"line":27,"column":null}},"5":{"start":{"line":28,"column":9},"end":{"line":28,"column":null}},"6":{"start":{"line":30,"column":2},"end":{"line":49,"column":null}},"7":{"start":{"line":31,"column":14},"end":{"line":31,"column":null}},"8":{"start":{"line":32,"column":4},"end":{"line":48,"column":null}},"9":{"start":{"line":37,"column":6},"end":{"line":37,"column":null}},"10":{"start":{"line":38,"column":4},"end":{"line":48,"column":null}},"11":{"start":{"line":42,"column":6},"end":{"line":42,"column":null}},"12":{"start":{"line":43,"column":4},"end":{"line":48,"column":null}},"13":{"start":{"line":47,"column":6},"end":{"line":47,"column":null}},"14":{"start":{"line":50,"column":2},"end":{"line":50,"column":null}},"15":{"start":{"line":50,"column":39},"end":{"line":50,"column":null}},"16":{"start":{"line":51,"column":2},"end":{"line":51,"column":null}},"17":{"start":{"line":51,"column":39},"end":{"line":51,"column":null}},"18":{"start":{"line":52,"column":2},"end":{"line":52,"column":null}},"19":{"start":{"line":55,"column":41},"end":{"line":125,"column":null}},"20":{"start":{"line":62,"column":26},"end":{"line":67,"column":null}},"21":{"start":{"line":64,"column":4},"end":{"line":64,"column":null}},"22":{"start":{"line":64,"column":60},"end":{"line":64,"column":null}},"23":{"start":{"line":65,"column":10},"end":{"line":65,"column":null}},"24":{"start":{"line":66,"column":4},"end":{"line":66,"column":null}},"25":{"start":{"line":69,"column":23},"end":{"line":69,"column":null}},"26":{"start":{"line":70,"column":52},"end":{"line":70,"column":null}},"27":{"start":{"line":71,"column":22},"end":{"line":71,"column":null}},"28":{"start":{"line":72,"column":22},"end":{"line":72,"column":null}},"29":{"start":{"line":74,"column":2},"end":{"line":86,"column":null}},"30":{"start":{"line":76,"column":16},"end":{"line":76,"column":null}},"31":{"start":{"line":77,"column":4},"end":{"line":77,"column":null}},"32":{"start":{"line":80,"column":4},"end":{"line":80,"column":null}},"33":{"start":{"line":83,"column":4},"end":{"line":85,"column":null}},"34":{"start":{"line":84,"column":6},"end":{"line":84,"column":null}},"35":{"start":{"line":88,"column":26},"end":{"line":88,"column":null}},"36":{"start":{"line":89,"column":26},"end":{"line":89,"column":null}},"37":{"start":{"line":92,"column":15},"end":{"line":92,"column":null}},"38":{"start":{"line":93,"column":26},"end":{"line":93,"column":null}},"39":{"start":{"line":98,"column":28},"end":{"line":98,"column":null}},"40":{"start":{"line":99,"column":21},"end":{"line":99,"column":null}},"41":{"start":{"line":101,"column":47},"end":{"line":101,"column":null}},"42":{"start":{"line":102,"column":2},"end":{"line":103,"column":null}},"43":{"start":{"line":102,"column":24},"end":{"line":102,"column":null}},"44":{"start":{"line":102,"column":36},"end":{"line":103,"column":null}},"45":{"start":{"line":103,"column":29},"end":{"line":103,"column":null}},"46":{"start":{"line":105,"column":25},"end":{"line":105,"column":null}},"47":{"start":{"line":106,"column":17},"end":{"line":106,"column":null}},"48":{"start":{"line":107,"column":2},"end":{"line":112,"column":null}},"49":{"start":{"line":108,"column":4},"end":{"line":111,"column":null}},"50":{"start":{"line":109,"column":6},"end":{"line":109,"column":null}},"51":{"start":{"line":110,"column":6},"end":{"line":110,"column":null}},"52":{"start":{"line":114,"column":2},"end":{"line":124,"column":null}},"53":{"start":{"line":127,"column":42},"end":{"line":197,"column":null}},"54":{"start":{"line":128,"column":14},"end":{"line":128,"column":null}},"55":{"start":{"line":129,"column":21},"end":{"line":129,"column":null}},"56":{"start":{"line":130,"column":20},"end":{"line":130,"column":null}},"57":{"start":{"line":132,"column":23},"end":{"line":132,"column":null}},"58":{"start":{"line":133,"column":26},"end":{"line":133,"column":null}},"59":{"start":{"line":136,"column":43},"end":{"line":136,"column":null}},"60":{"start":{"line":138,"column":2},"end":{"line":152,"column":null}},"61":{"start":{"line":140,"column":4},"end":{"line":140,"column":null}},"62":{"start":{"line":140,"column":33},"end":{"line":140,"column":null}},"63":{"start":{"line":142,"column":14},"end":{"line":142,"column":null}},"64":{"start":{"line":143,"column":17},"end":{"line":143,"column":null}},"65":{"start":{"line":144,"column":4},"end":{"line":144,"column":null}},"66":{"start":{"line":144,"column":21},"end":{"line":144,"column":null}},"67":{"start":{"line":146,"column":4},"end":{"line":146,"column":null}},"68":{"start":{"line":146,"column":28},"end":{"line":146,"column":null}},"69":{"start":{"line":147,"column":4},"end":{"line":147,"column":null}},"70":{"start":{"line":147,"column":27},"end":{"line":147,"column":null}},"71":{"start":{"line":150,"column":20},"end":{"line":150,"column":null}},"72":{"start":{"line":151,"column":4},"end":{"line":151,"column":null}},"73":{"start":{"line":155,"column":22},"end":{"line":155,"column":null}},"74":{"start":{"line":156,"column":16},"end":{"line":159,"column":null}},"75":{"start":{"line":156,"column":41},"end":{"line":159,"column":4}},"76":{"start":{"line":161,"column":21},"end":{"line":161,"column":null}},"77":{"start":{"line":162,"column":2},"end":{"line":171,"column":null}},"78":{"start":{"line":163,"column":4},"end":{"line":163,"column":null}},"79":{"start":{"line":166,"column":17},"end":{"line":166,"column":null}},"80":{"start":{"line":167,"column":17},"end":{"line":167,"column":null}},"81":{"start":{"line":168,"column":4},"end":{"line":170,"column":null}},"82":{"start":{"line":168,"column":21},"end":{"line":168,"column":null}},"83":{"start":{"line":168,"column":36},"end":{"line":170,"column":null}},"84":{"start":{"line":169,"column":26},"end":{"line":169,"column":null}},"85":{"start":{"line":170,"column":9},"end":{"line":170,"column":null}},"86":{"start":{"line":174,"column":49},"end":{"line":174,"column":null}},"87":{"start":{"line":175,"column":2},"end":{"line":179,"column":null}},"88":{"start":{"line":176,"column":4},"end":{"line":178,"column":null}},"89":{"start":{"line":177,"column":6},"end":{"line":177,"column":null}},"90":{"start":{"line":181,"column":25},"end":{"line":181,"column":null}},"91":{"start":{"line":182,"column":20},"end":{"line":182,"column":null}},"92":{"start":{"line":183,"column":2},"end":{"line":188,"column":null}},"93":{"start":{"line":184,"column":4},"end":{"line":187,"column":null}},"94":{"start":{"line":185,"column":6},"end":{"line":185,"column":null}},"95":{"start":{"line":186,"column":6},"end":{"line":186,"column":null}},"96":{"start":{"line":190,"column":2},"end":{"line":196,"column":null}}},"fnMap":{"0":{"name":"(anonymous_0)","decl":{"start":{"line":24,"column":33},"end":{"line":24,"column":34}},"loc":{"start":{"line":24,"column":56},"end":{"line":53,"column":null}},"line":24},"1":{"name":"(anonymous_1)","decl":{"start":{"line":55,"column":41},"end":{"line":55,"column":null}},"loc":{"start":{"line":60,"column":29},"end":{"line":125,"column":null}},"line":60},"2":{"name":"(anonymous_2)","decl":{"start":{"line":62,"column":41},"end":{"line":62,"column":46}},"loc":{"start":{"line":62,"column":46},"end":{"line":67,"column":3}},"line":62},"3":{"name":"(anonymous_3)","decl":{"start":{"line":74,"column":26},"end":{"line":74,"column":31}},"loc":{"start":{"line":74,"column":31},"end":{"line":86,"column":3}},"line":74},"4":{"name":"(anonymous_4)","decl":{"start":{"line":107,"column":44},"end":{"line":107,"column":45}},"loc":{"start":{"line":107,"column":62},"end":{"line":112,"column":3}},"line":107},"5":{"name":"(anonymous_5)","decl":{"start":{"line":127,"column":42},"end":{"line":127,"column":43}},"loc":{"start":{"line":127,"column":90},"end":{"line":197,"column":null}},"line":127},"6":{"name":"(anonymous_6)","decl":{"start":{"line":138,"column":18},"end":{"line":138,"column":23}},"loc":{"start":{"line":138,"column":23},"end":{"line":152,"column":3}},"line":138},"7":{"name":"(anonymous_7)","decl":{"start":{"line":156,"column":32},"end":{"line":156,"column":41}},"loc":{"start":{"line":156,"column":41},"end":{"line":159,"column":4}},"line":156},"8":{"name":"(anonymous_8)","decl":{"start":{"line":175,"column":18},"end":{"line":175,"column":23}},"loc":{"start":{"line":175,"column":23},"end":{"line":179,"column":3}},"line":175},"9":{"name":"(anonymous_9)","decl":{"start":{"line":183,"column":41},"end":{"line":183,"column":42}},"loc":{"start":{"line":183,"column":59},"end":{"line":188,"column":3}},"line":183}},"branchMap":{"0":{"loc":{"start":{"line":26,"column":2},"end":{"line":29,"column":null}},"type":"if","locations":[{"start":{"line":26,"column":2},"end":{"line":29,"column":null}},{"start":{},"end":{}}],"line":26},"1":{"loc":{"start":{"line":26,"column":6},"end":{"line":26,"column":54}},"type":"binary-expr","locations":[{"start":{"line":26,"column":6},"end":{"line":26,"column":36}},{"start":{"line":26,"column":36},"end":{"line":26,"column":54}}],"line":26},"2":{"loc":{"start":{"line":27,"column":4},"end":{"line":28,"column":null}},"type":"if","locations":[{"start":{"line":27,"column":4},"end":{"line":28,"column":null}},{"start":{"line":28,"column":9},"end":{"line":28,"column":null}}],"line":27},"3":{"loc":{"start":{"line":30,"column":2},"end":{"line":49,"column":null}},"type":"if","locations":[{"start":{"line":30,"column":2},"end":{"line":49,"column":null}},{"start":{},"end":{}}],"line":30},"4":{"loc":{"start":{"line":32,"column":4},"end":{"line":48,"column":null}},"type":"if","locations":[{"start":{"line":32,"column":4},"end":{"line":48,"column":null}},{"start":{"line":38,"column":4},"end":{"line":48,"column":null}}],"line":32},"5":{"loc":{"start":{"line":33,"column":6},"end":{"line":35,"column":null}},"type":"binary-expr","locations":[{"start":{"line":33,"column":6},"end":{"line":33,"column":29}},{"start":{"line":33,"column":29},"end":{"line":33,"column":52}},{"start":{"line":33,"column":52},"end":{"line":33,"column":null}},{"start":{"line":34,"column":6},"end":{"line":34,"column":29}},{"start":{"line":34,"column":29},"end":{"line":34,"column":52}},{"start":{"line":34,"column":52},"end":{"line":34,"column":null}},{"start":{"line":35,"column":6},"end":{"line":35,"column":30}},{"start":{"line":35,"column":30},"end":{"line":35,"column":57}},{"start":{"line":35,"column":57},"end":{"line":35,"column":null}}],"line":33},"6":{"loc":{"start":{"line":38,"column":4},"end":{"line":48,"column":null}},"type":"if","locations":[{"start":{"line":38,"column":4},"end":{"line":48,"column":null}},{"start":{"line":43,"column":4},"end":{"line":48,"column":null}}],"line":38},"7":{"loc":{"start":{"line":39,"column":6},"end":{"line":40,"column":null}},"type":"binary-expr","locations":[{"start":{"line":39,"column":6},"end":{"line":39,"column":30}},{"start":{"line":39,"column":30},"end":{"line":39,"column":55}},{"start":{"line":39,"column":55},"end":{"line":39,"column":null}},{"start":{"line":40,"column":6},"end":{"line":40,"column":33}},{"start":{"line":40,"column":33},"end":{"line":40,"column":null}}],"line":39},"8":{"loc":{"start":{"line":43,"column":4},"end":{"line":48,"column":null}},"type":"if","locations":[{"start":{"line":43,"column":4},"end":{"line":48,"column":null}},{"start":{},"end":{}}],"line":43},"9":{"loc":{"start":{"line":44,"column":6},"end":{"line":45,"column":null}},"type":"binary-expr","locations":[{"start":{"line":44,"column":6},"end":{"line":44,"column":30}},{"start":{"line":44,"column":30},"end":{"line":44,"column":53}},{"start":{"line":44,"column":53},"end":{"line":44,"column":null}},{"start":{"line":45,"column":6},"end":{"line":45,"column":28}},{"start":{"line":45,"column":28},"end":{"line":45,"column":null}}],"line":44},"10":{"loc":{"start":{"line":50,"column":2},"end":{"line":50,"column":null}},"type":"if","locations":[{"start":{"line":50,"column":2},"end":{"line":50,"column":null}},{"start":{},"end":{}}],"line":50},"11":{"loc":{"start":{"line":50,"column":7},"end":{"line":50,"column":35}},"type":"binary-expr","locations":[{"start":{"line":50,"column":7},"end":{"line":50,"column":29}},{"start":{"line":50,"column":29},"end":{"line":50,"column":35}}],"line":50},"12":{"loc":{"start":{"line":51,"column":2},"end":{"line":51,"column":null}},"type":"if","locations":[{"start":{"line":51,"column":2},"end":{"line":51,"column":null}},{"start":{},"end":{}}],"line":51},"13":{"loc":{"start":{"line":51,"column":7},"end":{"line":51,"column":35}},"type":"binary-expr","locations":[{"start":{"line":51,"column":7},"end":{"line":51,"column":29}},{"start":{"line":51,"column":29},"end":{"line":51,"column":35}}],"line":51},"14":{"loc":{"start":{"line":64,"column":4},"end":{"line":64,"column":null}},"type":"if","locations":[{"start":{"line":64,"column":4},"end":{"line":64,"column":null}},{"start":{},"end":{}}],"line":64},"15":{"loc":{"start":{"line":64,"column":8},"end":{"line":64,"column":60}},"type":"binary-expr","locations":[{"start":{"line":64,"column":8},"end":{"line":64,"column":35}},{"start":{"line":64,"column":35},"end":{"line":64,"column":60}}],"line":64},"16":{"loc":{"start":{"line":76,"column":16},"end":{"line":76,"column":null}},"type":"binary-expr","locations":[{"start":{"line":76,"column":16},"end":{"line":76,"column":30}},{"start":{"line":76,"column":30},"end":{"line":76,"column":null}}],"line":76},"17":{"loc":{"start":{"line":77,"column":30},"end":{"line":77,"column":61}},"type":"binary-expr","locations":[{"start":{"line":77,"column":30},"end":{"line":77,"column":56}},{"start":{"line":77,"column":56},"end":{"line":77,"column":61}}],"line":77},"18":{"loc":{"start":{"line":83,"column":4},"end":{"line":85,"column":null}},"type":"if","locations":[{"start":{"line":83,"column":4},"end":{"line":85,"column":null}},{"start":{},"end":{}}],"line":83},"19":{"loc":{"start":{"line":88,"column":26},"end":{"line":88,"column":null}},"type":"cond-expr","locations":[{"start":{"line":88,"column":45},"end":{"line":88,"column":76}},{"start":{"line":88,"column":76},"end":{"line":88,"column":null}}],"line":88},"20":{"loc":{"start":{"line":93,"column":26},"end":{"line":93,"column":null}},"type":"cond-expr","locations":[{"start":{"line":93,"column":37},"end":{"line":93,"column":59}},{"start":{"line":93,"column":59},"end":{"line":93,"column":null}}],"line":93},"21":{"loc":{"start":{"line":102,"column":2},"end":{"line":103,"column":null}},"type":"if","locations":[{"start":{"line":102,"column":2},"end":{"line":103,"column":null}},{"start":{"line":102,"column":36},"end":{"line":103,"column":null}}],"line":102},"22":{"loc":{"start":{"line":102,"column":36},"end":{"line":103,"column":null}},"type":"if","locations":[{"start":{"line":102,"column":36},"end":{"line":103,"column":null}},{"start":{},"end":{}}],"line":102},"23":{"loc":{"start":{"line":108,"column":4},"end":{"line":111,"column":null}},"type":"if","locations":[{"start":{"line":108,"column":4},"end":{"line":111,"column":null}},{"start":{},"end":{}}],"line":108},"24":{"loc":{"start":{"line":140,"column":4},"end":{"line":140,"column":null}},"type":"if","locations":[{"start":{"line":140,"column":4},"end":{"line":140,"column":null}},{"start":{},"end":{}}],"line":140},"25":{"loc":{"start":{"line":144,"column":4},"end":{"line":144,"column":null}},"type":"if","locations":[{"start":{"line":144,"column":4},"end":{"line":144,"column":null}},{"start":{},"end":{}}],"line":144},"26":{"loc":{"start":{"line":146,"column":4},"end":{"line":146,"column":null}},"type":"if","locations":[{"start":{"line":146,"column":4},"end":{"line":146,"column":null}},{"start":{},"end":{}}],"line":146},"27":{"loc":{"start":{"line":147,"column":4},"end":{"line":147,"column":null}},"type":"if","locations":[{"start":{"line":147,"column":4},"end":{"line":147,"column":null}},{"start":{},"end":{}}],"line":147},"28":{"loc":{"start":{"line":151,"column":25},"end":{"line":151,"column":51}},"type":"binary-expr","locations":[{"start":{"line":151,"column":25},"end":{"line":151,"column":46}},{"start":{"line":151,"column":46},"end":{"line":151,"column":51}}],"line":151},"29":{"loc":{"start":{"line":162,"column":2},"end":{"line":171,"column":null}},"type":"if","locations":[{"start":{"line":162,"column":2},"end":{"line":171,"column":null}},{"start":{"line":164,"column":9},"end":{"line":171,"column":null}}],"line":162},"30":{"loc":{"start":{"line":168,"column":4},"end":{"line":170,"column":null}},"type":"if","locations":[{"start":{"line":168,"column":4},"end":{"line":170,"column":null}},{"start":{"line":168,"column":36},"end":{"line":170,"column":null}}],"line":168},"31":{"loc":{"start":{"line":168,"column":36},"end":{"line":170,"column":null}},"type":"if","locations":[{"start":{"line":168,"column":36},"end":{"line":170,"column":null}},{"start":{"line":170,"column":9},"end":{"line":170,"column":null}}],"line":168},"32":{"loc":{"start":{"line":176,"column":4},"end":{"line":178,"column":null}},"type":"if","locations":[{"start":{"line":176,"column":4},"end":{"line":178,"column":null}},{"start":{},"end":{}}],"line":176},"33":{"loc":{"start":{"line":176,"column":8},"end":{"line":176,"column":60}},"type":"binary-expr","locations":[{"start":{"line":176,"column":8},"end":{"line":176,"column":35}},{"start":{"line":176,"column":35},"end":{"line":176,"column":60}}],"line":176},"34":{"loc":{"start":{"line":177,"column":36},"end":{"line":177,"column":71}},"type":"binary-expr","locations":[{"start":{"line":177,"column":36},"end":{"line":177,"column":66}},{"start":{"line":177,"column":66},"end":{"line":177,"column":71}}],"line":177},"35":{"loc":{"start":{"line":184,"column":4},"end":{"line":187,"column":null}},"type":"if","locations":[{"start":{"line":184,"column":4},"end":{"line":187,"column":null}},{"start":{},"end":{}}],"line":184}},"s":{"0":1,"1":60,"2":60,"3":2,"4":1,"5":1,"6":60,"7":55,"8":55,"9":2,"10":53,"11":1,"12":52,"13":52,"14":60,"15":2,"16":60,"17":1,"18":60,"19":1,"20":3,"21":58,"22":2,"23":56,"24":56,"25":3,"26":3,"27":3,"28":3,"29":3,"30":52,"31":52,"32":52,"33":52,"34":1,"35":3,"36":3,"37":3,"38":3,"39":3,"40":3,"41":3,"42":3,"43":0,"44":3,"45":2,"46":3,"47":3,"48":3,"49":3,"50":2,"51":2,"52":3,"53":1,"54":2,"55":2,"56":2,"57":2,"58":2,"59":2,"60":2,"61":4,"62":0,"63":4,"64":4,"65":4,"66":0,"67":4,"68":2,"69":4,"70":4,"71":4,"72":4,"73":2,"74":2,"75":3,"76":2,"77":2,"78":1,"79":1,"80":1,"81":1,"82":1,"83":0,"84":0,"85":0,"86":2,"87":2,"88":4,"89":4,"90":2,"91":2,"92":2,"93":2,"94":1,"95":1,"96":2},"f":{"0":60,"1":3,"2":58,"3":52,"4":3,"5":2,"6":4,"7":3,"8":4,"9":2},"b":{"0":[2,58],"1":[60,2],"2":[1,1],"3":[55,5],"4":[2,53],"5":[55,55,55,53,53,53,53,53,53],"6":[1,52],"7":[53,53,53,52,52],"8":[52,0],"9":[52,52,52,52,0],"10":[2,58],"11":[60,58],"12":[1,59],"13":[60,58],"14":[2,56],"15":[58,56],"16":[52,0],"17":[52,3],"18":[1,51],"19":[2,1],"20":[3,0],"21":[0,3],"22":[2,1],"23":[2,1],"24":[0,4],"25":[0,4],"26":[2,2],"27":[4,0],"28":[4,3],"29":[1,1],"30":[1,0],"31":[0,0],"32":[4,0],"33":[4,4],"34":[4,2],"35":[1,1]},"meta":{"lastBranch":36,"lastFunction":10,"lastStatement":97,"seen":{"s:24:33:53:Infinity":0,"f:24:33:24:34":0,"s:25:14:25:Infinity":1,"b:26:2:29:Infinity:undefined:undefined:undefined:undefined":0,"s:26:2:29:Infinity":2,"b:26:6:26:36:26:36:26:54":1,"b:27:4:28:Infinity:28:9:28:Infinity":2,"s:27:4:28:Infinity":3,"s:27:27:27:Infinity":4,"s:28:9:28:Infinity":5,"b:30:2:49:Infinity:undefined:undefined:undefined:undefined":3,"s:30:2:49:Infinity":6,"s:31:14:31:Infinity":7,"b:32:4:48:Infinity:38:4:48:Infinity":4,"s:32:4:48:Infinity":8,"b:33:6:33:29:33:29:33:52:33:52:33:Infinity:34:6:34:29:34:29:34:52:34:52:34:Infinity:35:6:35:30:35:30:35:57:35:57:35:Infinity":5,"s:37:6:37:Infinity":9,"b:38:4:48:Infinity:43:4:48:Infinity":6,"s:38:4:48:Infinity":10,"b:39:6:39:30:39:30:39:55:39:55:39:Infinity:40:6:40:33:40:33:40:Infinity":7,"s:42:6:42:Infinity":11,"b:43:4:48:Infinity:undefined:undefined:undefined:undefined":8,"s:43:4:48:Infinity":12,"b:44:6:44:30:44:30:44:53:44:53:44:Infinity:45:6:45:28:45:28:45:Infinity":9,"s:47:6:47:Infinity":13,"b:50:2:50:Infinity:undefined:undefined:undefined:undefined":10,"s:50:2:50:Infinity":14,"b:50:7:50:29:50:29:50:35":11,"s:50:39:50:Infinity":15,"b:51:2:51:Infinity:undefined:undefined:undefined:undefined":12,"s:51:2:51:Infinity":16,"b:51:7:51:29:51:29:51:35":13,"s:51:39:51:Infinity":17,"s:52:2:52:Infinity":18,"s:55:41:125:Infinity":19,"f:55:41:55:Infinity":1,"s:62:26:67:Infinity":20,"f:62:41:62:46":2,"b:64:4:64:Infinity:undefined:undefined:undefined:undefined":14,"s:64:4:64:Infinity":21,"b:64:8:64:35:64:35:64:60":15,"s:64:60:64:Infinity":22,"s:65:10:65:Infinity":23,"s:66:4:66:Infinity":24,"s:69:23:69:Infinity":25,"s:70:52:70:Infinity":26,"s:71:22:71:Infinity":27,"s:72:22:72:Infinity":28,"s:74:2:86:Infinity":29,"f:74:26:74:31":3,"s:76:16:76:Infinity":30,"b:76:16:76:30:76:30:76:Infinity":16,"s:77:4:77:Infinity":31,"b:77:30:77:56:77:56:77:61":17,"s:80:4:80:Infinity":32,"b:83:4:85:Infinity:undefined:undefined:undefined:undefined":18,"s:83:4:85:Infinity":33,"s:84:6:84:Infinity":34,"s:88:26:88:Infinity":35,"b:88:45:88:76:88:76:88:Infinity":19,"s:89:26:89:Infinity":36,"s:92:15:92:Infinity":37,"s:93:26:93:Infinity":38,"b:93:37:93:59:93:59:93:Infinity":20,"s:98:28:98:Infinity":39,"s:99:21:99:Infinity":40,"s:101:47:101:Infinity":41,"b:102:2:103:Infinity:102:36:103:Infinity":21,"s:102:2:103:Infinity":42,"s:102:24:102:Infinity":43,"b:102:36:103:Infinity:undefined:undefined:undefined:undefined":22,"s:102:36:103:Infinity":44,"s:103:29:103:Infinity":45,"s:105:25:105:Infinity":46,"s:106:17:106:Infinity":47,"s:107:2:112:Infinity":48,"f:107:44:107:45":4,"b:108:4:111:Infinity:undefined:undefined:undefined:undefined":23,"s:108:4:111:Infinity":49,"s:109:6:109:Infinity":50,"s:110:6:110:Infinity":51,"s:114:2:124:Infinity":52,"s:127:42:197:Infinity":53,"f:127:42:127:43":5,"s:128:14:128:Infinity":54,"s:129:21:129:Infinity":55,"s:130:20:130:Infinity":56,"s:132:23:132:Infinity":57,"s:133:26:133:Infinity":58,"s:136:43:136:Infinity":59,"s:138:2:152:Infinity":60,"f:138:18:138:23":6,"b:140:4:140:Infinity:undefined:undefined:undefined:undefined":24,"s:140:4:140:Infinity":61,"s:140:33:140:Infinity":62,"s:142:14:142:Infinity":63,"s:143:17:143:Infinity":64,"b:144:4:144:Infinity:undefined:undefined:undefined:undefined":25,"s:144:4:144:Infinity":65,"s:144:21:144:Infinity":66,"b:146:4:146:Infinity:undefined:undefined:undefined:undefined":26,"s:146:4:146:Infinity":67,"s:146:28:146:Infinity":68,"b:147:4:147:Infinity:undefined:undefined:undefined:undefined":27,"s:147:4:147:Infinity":69,"s:147:27:147:Infinity":70,"s:150:20:150:Infinity":71,"s:151:4:151:Infinity":72,"b:151:25:151:46:151:46:151:51":28,"s:155:22:155:Infinity":73,"s:156:16:159:Infinity":74,"f:156:32:156:41":7,"s:156:41:159:4":75,"s:161:21:161:Infinity":76,"b:162:2:171:Infinity:164:9:171:Infinity":29,"s:162:2:171:Infinity":77,"s:163:4:163:Infinity":78,"s:166:17:166:Infinity":79,"s:167:17:167:Infinity":80,"b:168:4:170:Infinity:168:36:170:Infinity":30,"s:168:4:170:Infinity":81,"s:168:21:168:Infinity":82,"b:168:36:170:Infinity:170:9:170:Infinity":31,"s:168:36:170:Infinity":83,"s:169:26:169:Infinity":84,"s:170:9:170:Infinity":85,"s:174:49:174:Infinity":86,"s:175:2:179:Infinity":87,"f:175:18:175:23":8,"b:176:4:178:Infinity:undefined:undefined:undefined:undefined":32,"s:176:4:178:Infinity":88,"b:176:8:176:35:176:35:176:60":33,"s:177:6:177:Infinity":89,"b:177:36:177:66:177:66:177:71":34,"s:181:25:181:Infinity":90,"s:182:20:182:Infinity":91,"s:183:2:188:Infinity":92,"f:183:41:183:42":9,"b:184:4:187:Infinity:undefined:undefined:undefined:undefined":35,"s:184:4:187:Infinity":93,"s:185:6:185:Infinity":94,"s:186:6:186:Infinity":95,"s:190:2:196:Infinity":96},"fnNames":{}}}
}
